[2025-Aug-31 15:25:58.808 +02:00][116699:116699][info ] Logging initialized
[2025-Aug-31 15:25:58.808 +02:00][116699:116699][info ] Initializing krisp SDK...
[2025-Aug-31 15:25:58.808 +02:00][116699:116699][info ] DoKrispInitialize
[2025-Aug-31 15:25:59.171 +02:00][116699:116699][info ] LoadDynamicKrisp
[2025-Aug-31 15:25:59.171 +02:00][116699:116699][info ] Did not find KRISP_DYLIB_PATH, skipping dynamic loading
[2025-Aug-31 15:25:59.171 +02:00][116699:116699][info ] Initializing Krisp SDK in PID 116699, addr 0x7f40f37248d0
[2025-Aug-31 15:25:59.171 +02:00][116699:116699][info ] Initialized Krisp SDK successfully
[2025-Aug-31 15:25:59.171 +02:00][116699:116699][info ] Krisp SDK initialized
[2025-Sep-01 09:52:50.427 +02:00][ 3030: 3030][info ] Logging initialized
[2025-Sep-01 09:52:50.427 +02:00][ 3030: 3030][info ] Initializing krisp SDK...
[2025-Sep-01 09:52:50.427 +02:00][ 3030: 3030][info ] DoKrispInitialize
[2025-Sep-01 09:52:50.887 +02:00][ 3030: 3030][info ] LoadDynamicKrisp
[2025-Sep-01 09:52:50.887 +02:00][ 3030: 3030][info ] Did not find KRISP_DYLIB_PATH, skipping dynamic loading
[2025-Sep-01 09:52:50.887 +02:00][ 3030: 3030][info ] Initializing Krisp SDK in PID 3030, addr 0x7f8df03248d0
[2025-Sep-01 09:52:50.934 +02:00][ 3030: 3030][info ] Initialized Krisp SDK successfully
[2025-Sep-01 09:52:50.934 +02:00][ 3030: 3030][info ] Krisp SDK initialized
[2025-Sep-01 09:52:53.183 +02:00][ 3030: 3030][info ] Logging initialized
[2025-Sep-01 09:52:53.183 +02:00][ 3030: 3030][info ] Initializing krisp SDK...
[2025-Sep-01 09:52:53.183 +02:00][ 3030: 3030][info ] Krisp SDK initialized
[2025-Sep-02 16:11:44.237 +02:00][ 1333: 1333][info ] Logging initialized
[2025-Sep-02 16:11:44.237 +02:00][ 1333: 1333][info ] Initializing krisp SDK...
[2025-Sep-02 16:11:44.237 +02:00][ 1333: 1333][info ] DoKrispInitialize
[2025-Sep-02 16:11:44.747 +02:00][ 1333: 1333][info ] LoadDynamicKrisp
[2025-Sep-02 16:11:44.747 +02:00][ 1333: 1333][info ] Did not find KRISP_DYLIB_PATH, skipping dynamic loading
[2025-Sep-02 16:11:44.747 +02:00][ 1333: 1333][info ] Initializing Krisp SDK in PID 1333, addr 0x7f126b5248d0
[2025-Sep-02 16:11:44.748 +02:00][ 1333: 1333][info ] Initialized Krisp SDK successfully
[2025-Sep-02 16:11:44.748 +02:00][ 1333: 1333][info ] Krisp SDK initialized
[2025-Sep-02 16:19:01.970 +02:00][ 1307: 1307][info ] Logging initialized
[2025-Sep-02 16:19:01.970 +02:00][ 1307: 1307][info ] Initializing krisp SDK...
[2025-Sep-02 16:19:01.970 +02:00][ 1307: 1307][info ] DoKrispInitialize
[2025-Sep-02 16:19:02.463 +02:00][ 1307: 1307][info ] LoadDynamicKrisp
[2025-Sep-02 16:19:02.463 +02:00][ 1307: 1307][info ] Did not find KRISP_DYLIB_PATH, skipping dynamic loading
[2025-Sep-02 16:19:02.463 +02:00][ 1307: 1307][info ] Initializing Krisp SDK in PID 1307, addr 0x7fc915f248d0
[2025-Sep-02 16:19:02.464 +02:00][ 1307: 1307][info ] Initialized Krisp SDK successfully
[2025-Sep-02 16:19:02.464 +02:00][ 1307: 1307][info ] Krisp SDK initialized
[2025-Sep-02 23:39:27.900 +02:00][ 1220: 1220][info ] Logging initialized
[2025-Sep-02 23:39:27.900 +02:00][ 1220: 1220][info ] Initializing krisp SDK...
[2025-Sep-02 23:39:27.900 +02:00][ 1220: 1220][info ] DoKrispInitialize
[2025-Sep-02 23:39:28.529 +02:00][ 1220: 1220][info ] LoadDynamicKrisp
[2025-Sep-02 23:39:28.529 +02:00][ 1220: 1220][info ] Did not find KRISP_DYLIB_PATH, skipping dynamic loading
[2025-Sep-02 23:39:28.529 +02:00][ 1220: 1220][info ] Initializing Krisp SDK in PID 1220, addr 0x7f4135b248d0
[2025-Sep-02 23:39:28.530 +02:00][ 1220: 1220][info ] Initialized Krisp SDK successfully
[2025-Sep-02 23:39:28.530 +02:00][ 1220: 1220][info ] Krisp SDK initialized
[2025-Sep-03 11:59:02.862 +02:00][ 1889: 1889][info ] Logging initialized
[2025-Sep-03 11:59:02.862 +02:00][ 1889: 1889][info ] Initializing krisp SDK...
[2025-Sep-03 11:59:02.862 +02:00][ 1889: 1889][info ] DoKrispInitialize
[2025-Sep-03 11:59:03.293 +02:00][ 1889: 1889][info ] LoadDynamicKrisp
[2025-Sep-03 11:59:03.293 +02:00][ 1889: 1889][info ] Did not find KRISP_DYLIB_PATH, skipping dynamic loading
[2025-Sep-03 11:59:03.293 +02:00][ 1889: 1889][info ] Initializing Krisp SDK in PID 1889, addr 0x7fe120524e70
[2025-Sep-03 11:59:03.293 +02:00][ 1889: 1889][info ] Initialized Krisp SDK successfully
[2025-Sep-03 11:59:03.293 +02:00][ 1889: 1889][info ] Krisp SDK initialized
[2025-Sep-03 21:03:29.575 +02:00][ 1327: 1327][info ] Logging initialized
[2025-Sep-03 21:03:29.575 +02:00][ 1327: 1327][info ] Initializing krisp SDK...
[2025-Sep-03 21:03:29.575 +02:00][ 1327: 1327][info ] DoKrispInitialize
[2025-Sep-03 21:03:30.029 +02:00][ 1327: 1327][info ] LoadDynamicKrisp
[2025-Sep-03 21:03:30.029 +02:00][ 1327: 1327][info ] Did not find KRISP_DYLIB_PATH, skipping dynamic loading
[2025-Sep-03 21:03:30.029 +02:00][ 1327: 1327][info ] Initializing Krisp SDK in PID 1327, addr 0x7f2fb7524e70
[2025-Sep-03 21:03:30.074 +02:00][ 1327: 1327][info ] Initialized Krisp SDK successfully
[2025-Sep-03 21:03:30.074 +02:00][ 1327: 1327][info ] Krisp SDK initialized
[2025-Sep-04 10:13:32.403 +02:00][ 1285: 1285][info ] Logging initialized
[2025-Sep-04 10:13:32.403 +02:00][ 1285: 1285][info ] Initializing krisp SDK...
[2025-Sep-04 10:13:32.403 +02:00][ 1285: 1285][info ] DoKrispInitialize
[2025-Sep-04 10:13:32.848 +02:00][ 1285: 1285][info ] LoadDynamicKrisp
[2025-Sep-04 10:13:32.848 +02:00][ 1285: 1285][info ] Did not find KRISP_DYLIB_PATH, skipping dynamic loading
[2025-Sep-04 10:13:32.848 +02:00][ 1285: 1285][info ] Initializing Krisp SDK in PID 1285, addr 0x7f3f3e924e70
[2025-Sep-04 10:13:32.848 +02:00][ 1285: 1285][info ] Initialized Krisp SDK successfully
[2025-Sep-04 10:13:32.848 +02:00][ 1285: 1285][info ] Krisp SDK initialized
[2025-Sep-04 13:07:05.355 +02:00][ 1244: 1244][info ] Logging initialized
[2025-Sep-04 13:07:05.355 +02:00][ 1244: 1244][info ] Initializing krisp SDK...
[2025-Sep-04 13:07:05.355 +02:00][ 1244: 1244][info ] DoKrispInitialize
[2025-Sep-04 13:07:05.808 +02:00][ 1244: 1244][info ] LoadDynamicKrisp
[2025-Sep-04 13:07:05.808 +02:00][ 1244: 1244][info ] Did not find KRISP_DYLIB_PATH, skipping dynamic loading
[2025-Sep-04 13:07:05.808 +02:00][ 1244: 1244][info ] Initializing Krisp SDK in PID 1244, addr 0x7f4b2dd24e70
[2025-Sep-04 13:07:05.851 +02:00][ 1244: 1244][info ] Initialized Krisp SDK successfully
[2025-Sep-04 13:07:05.851 +02:00][ 1244: 1244][info ] Krisp SDK initialized
[2025-Sep-06 22:12:48.311 +02:00][ 1331: 1331][info ] Logging initialized
[2025-Sep-06 22:12:48.311 +02:00][ 1331: 1331][info ] Initializing krisp SDK...
[2025-Sep-06 22:12:48.311 +02:00][ 1331: 1331][info ] DoKrispInitialize
[2025-Sep-06 22:12:48.705 +02:00][ 1331: 1331][info ] LoadDynamicKrisp
[2025-Sep-06 22:12:48.705 +02:00][ 1331: 1331][info ] Did not find KRISP_DYLIB_PATH, skipping dynamic loading
[2025-Sep-06 22:12:48.705 +02:00][ 1331: 1331][info ] Initializing Krisp SDK in PID 1331, addr 0x7f9519124e70
[2025-Sep-06 22:12:48.706 +02:00][ 1331: 1331][info ] Initialized Krisp SDK successfully
[2025-Sep-06 22:12:48.706 +02:00][ 1331: 1331][info ] Krisp SDK initialized
[2025-Sep-07 12:00:51.754 +02:00][ 1316: 1316][info ] Logging initialized
[2025-Sep-07 12:00:51.754 +02:00][ 1316: 1316][info ] Initializing krisp SDK...
[2025-Sep-07 12:00:51.754 +02:00][ 1316: 1316][info ] DoKrispInitialize
[2025-Sep-07 12:00:52.150 +02:00][ 1316: 1316][info ] LoadDynamicKrisp
[2025-Sep-07 12:00:52.150 +02:00][ 1316: 1316][info ] Did not find KRISP_DYLIB_PATH, skipping dynamic loading
[2025-Sep-07 12:00:52.150 +02:00][ 1316: 1316][info ] Initializing Krisp SDK in PID 1316, addr 0x7fa09f924e70
[2025-Sep-07 12:00:52.151 +02:00][ 1316: 1316][info ] Initialized Krisp SDK successfully
[2025-Sep-07 12:00:52.151 +02:00][ 1316: 1316][info ] Krisp SDK initialized
[2025-Sep-09 10:24:53.855 +02:00][ 1797: 1797][info ] Logging initialized
[2025-Sep-09 10:24:53.855 +02:00][ 1797: 1797][info ] Initializing krisp SDK...
[2025-Sep-09 10:24:53.855 +02:00][ 1797: 1797][info ] DoKrispInitialize
[2025-Sep-09 10:24:54.317 +02:00][ 1797: 1797][info ] LoadDynamicKrisp
[2025-Sep-09 10:24:54.317 +02:00][ 1797: 1797][info ] Did not find KRISP_DYLIB_PATH, skipping dynamic loading
[2025-Sep-09 10:24:54.317 +02:00][ 1797: 1797][info ] Initializing Krisp SDK in PID 1797, addr 0x7f780a724e70
[2025-Sep-09 10:24:54.366 +02:00][ 1797: 1797][info ] Initialized Krisp SDK successfully
[2025-Sep-09 10:24:54.366 +02:00][ 1797: 1797][info ] Krisp SDK initialized
